[02:33:17] [ServerMain/INFO]: [bootstrap] Running Java 21 (OpenJDK 64-Bit Server VM 21.0.7+6-Ubuntu-0ubuntu124.04; Ubuntu null) on Linux 6.8.0-1027-azure (amd64)
[02:33:17] [ServerMain/INFO]: [bootstrap] Loading Paper 1.21-130-master@b1b5d4c (2024-08-10T10:02:42Z) for Minecraft 1.21
[02:33:18] [ServerMain/INFO]: [PluginInitializerManager] Initializing plugins...
[02:33:18] [ServerMain/INFO]: [PluginInitializerManager] Initialized 1 plugin
[02:33:18] [ServerMain/INFO]: [PluginInitializerManager] Bukkit plugins (1):
 - Geyser-Spigot (2.7.2-SNAPSHOT)
[02:33:23] [ServerMain/INFO]: Environment: Environment[sessionHost=https://sessionserver.mojang.com, servicesHost=https://api.minecraftservices.com, name=PROD]
[02:33:25] [ServerMain/INFO]: Loaded 1290 recipes
[02:33:25] [ServerMain/INFO]: Loaded 1399 advancements
[02:33:25] [Server thread/INFO]: Starting minecraft server version 1.21
[02:33:25] [Server thread/INFO]: Loading properties
[02:33:25] [Server thread/INFO]: This server is running Paper version 1.21-130-master@b1b5d4c (2024-08-10T10:02:42Z) (Implementing API version 1.21-R0.1-SNAPSHOT)
[02:33:26] [Server thread/INFO]: [spark] This server bundles the spark profiler. For more information please visit https://docs.papermc.io/paper/profiling
[02:33:26] [Server thread/INFO]: Server Ping Player Sample Count: 12
[02:33:26] [Server thread/INFO]: Using 4 threads for Netty based IO
[02:33:27] [Server thread/INFO]: [ChunkTaskScheduler] Chunk system is using 1 I/O threads, 1 worker threads, and population gen parallelism of 1 threads
[02:33:27] [Server thread/INFO]: Default game type: SURVIVAL
[02:33:27] [Server thread/INFO]: Generating keypair
[02:33:27] [Server thread/INFO]: Starting Minecraft server on *:25565
[02:33:27] [Server thread/INFO]: Using epoll channel type
[02:33:27] [Server thread/INFO]: Paper: Using libdeflate (Linux x86_64) compression from Velocity.
[02:33:27] [Server thread/INFO]: Paper: Using OpenSSL 3.0.x (Linux x86_64) cipher from Velocity.
[02:33:28] [Server thread/INFO]: [Geyser-Spigot] Loading server plugin Geyser-Spigot v2.7.2-SNAPSHOT
[02:33:30] [Server thread/INFO]: [Geyser-Spigot] Loading extensions...
[02:33:30] [Server thread/INFO]: [Geyser-Spigot] Loaded 0 extension(s)
[02:33:30] [Server thread/INFO]: Server permissions file permissions.yml is empty, ignoring it
[02:33:30] [Server thread/WARN]: **** SERVER IS RUNNING IN OFFLINE/INSECURE MODE!
[02:33:30] [Server thread/WARN]: The server will make no attempt to authenticate usernames. Beware.
[02:33:30] [Server thread/WARN]: While this makes the game possible to play without internet access, it also opens up the ability for hackers to connect with any username they choose.
[02:33:30] [Server thread/WARN]: To change this, set "online-mode" to "true" in the server.properties file.
[02:33:30] [Server thread/INFO]: Preparing level "world"
[02:33:30] [Server thread/INFO]: Preparing start region for dimension minecraft:overworld
[02:33:31] [Server thread/INFO]: Time elapsed: 1019 ms
[02:33:31] [Server thread/INFO]: Preparing start region for dimension minecraft:the_nether
[02:33:32] [Server thread/INFO]: Time elapsed: 247 ms
[02:33:32] [Server thread/INFO]: Preparing start region for dimension minecraft:the_end
[02:33:32] [Server thread/INFO]: Time elapsed: 80 ms
[02:33:32] [Server thread/INFO]: [Geyser-Spigot] Enabling Geyser-Spigot v2.7.2-SNAPSHOT
[02:33:33] [Server thread/INFO]: [spark] Starting background profiler...
[02:33:33] [Server thread/INFO]: [Geyser-Spigot] ******************************************
[02:33:33] [Server thread/INFO]: [Geyser-Spigot] 
[02:33:33] [Server thread/INFO]: [Geyser-Spigot] Loading Geyser version 2.7.2-b862 (git-master-00ceaa9)
[02:33:33] [Server thread/INFO]: [Geyser-Spigot] 
[02:33:33] [Server thread/INFO]: [Geyser-Spigot] ******************************************
[02:33:42] [epollEventLoopGroup-3-1/INFO]: [Geyser-Spigot] Started Geyser on UDP port 19132
[02:33:42] [Server thread/INFO]: [Geyser-Spigot] Done (8.488s)! Run /geyser help for help!
[02:33:42] [Server thread/WARN]: [Geyser-Spigot] Your server software does not support the Java version that Geyser requires (1.21.5). Please install ViaVersion (https://ci.viaversion.com/job/ViaVersion/) or update your server software!
[02:33:42] [ForkJoinPool.commonPool-worker-2/WARN]: [Geyser-Spigot] Missing MC locale file: en_us
[02:33:42] [ForkJoinPool.commonPool-worker-2/INFO]: [Geyser-Spigot] Downloading Minecraft JAR to extract required files, please wait... (this may take some time depending on the speed of your internet connection)
[02:33:42] [Server thread/INFO]: Done preparing level "world" (12.063s)
[02:33:42] [Server thread/INFO]: Running delayed init tasks
[02:33:42] [Server thread/INFO]: Done (25.416s)! For help, type "help"
[02:33:42] [Server thread/INFO]: Timings Reset
[02:33:43] [ForkJoinPool.commonPool-worker-2/INFO]: [Geyser-Spigot] Minecraft JAR has been successfully downloaded and loaded!
